{
  "RSpec": {
    "coverage": {
      "C:/Users/owner/Rails/Code/Ruby/weblog/config/environment.rb": [
        null,
        1,
        null,
        null,
        1
      ],
      "C:/Users/owner/Rails/Code/Ruby/weblog/config/application.rb": [
        1,
        null,
        1,
        null,
        null,
        null,
        1,
        null,
        1,
        1,
        null,
        null,
        null,
        null,
        null,
        null,
        null,
        null,
        null,
        null,
        null,
        null,
        null
      ],
      "C:/Users/owner/Rails/Code/Ruby/weblog/config/boot.rb": [
        null,
        1,
        null,
        1
      ],
      "C:/Users/owner/Rails/Code/Ruby/weblog/config/environments/test.rb": [
        1,
        null,
        null,
        null,
        null,
        null,
        null,
        1,
        null,
        null,
        null,
        null,
        1,
        null,
        null,
        1,
        1,
        null,
        null,
        1,
        1,
        null,
        null,
        1,
        null,
        null,
        1,
        null,
        null,
        null,
        null,
        1,
        null,
        null,
        1,
        null
      ],
      "C:/Users/owner/Rails/Code/Ruby/weblog/config/initializers/backtrace_silencers.rb": [
        null,
        null,
        null,
        null,
        null,
        null,
        null
      ],
      "C:/Users/owner/Rails/Code/Ruby/weblog/config/initializers/devise.rb": [
        null,
        null,
        1,
        null,
        null,
        null,
        null,
        null,
        null,
        null,
        null,
        null,
        1,
        null,
        null,
        null,
        null,
        null,
        null,
        null,
        null,
        1,
        null,
        null,
        null,
        null,
        null,
        null,
        null,
        null,
        null,
        null,
        null,
        null,
        null,
        null,
        null,
        null,
        null,
        null,
        null,
        null,
        null,
        1,
        null,
        null,
        null,
        null,
        1,
        null,
        null,
        null,
        null,
        null,
        null,
        null,
        null,
        null,
        null,
        null,
        null,
        null,
        null,
        null,
        null,
        null,
        null,
        null,
        null,
        null,
        null,
        null,
        null,
        null,
        null,
        null,
        null,
        null,
        null,
        1,
        null,
        null,
        null,
        null,
        null,
        null,
        null,
        null,
        null,
        null,
        null,
        null,
        null,
        null,
        null,
        null,
        1,
        null,
        null,
        null,
        null,
        null,
        null,
        null,
        null,
        null,
        null,
        null,
        null,
        null,
        null,
        null,
        null,
        null,
        null,
        null,
        null,
        null,
        null,
        null,
        null,
        1,
        null,
        null,
        null,
        null,
        null,
        null,
        null,
        null,
        null,
        null,
        null,
        null,
        null,
        null,
        null,
        null,
        null,
        1,
        null,
        null,
        null,
        null,
        null,
        null,
        null,
        null,
        null,
        null,
        null,
        null,
        null,
        null,
        null,
        null,
        null,
        null,
        null,
        null,
        null,
        null,
        null,
        null,
        null,
        null,
        null,
        null,
        null,
        null,
        null,
        null,
        null,
        null,
        null,
        null,
        null,
        null,
        null,
        null,
        null,
        null,
        null,
        null,
        null,
        null,
        null,
        null,
        1,
        null,
        null,
        null,
        null,
        null,
        null,
        null,
        null,
        null,
        null,
        null,
        null,
        null,
        null,
        null,
        null,
        null,
        null,
        null,
        null,
        null,
        null,
        null,
        null,
        null,
        null,
        null,
        null,
        null,
        null,
        null,
        null,
        null,
        null,
        null,
        null,
        null,
        1,
        null,
        null,
        null,
        null,
        null,
        null,
        null,
        null,
        null,
        null,
        null,
        null,
        null,
        null,
        null,
        null,
        null,
        null,
        null,
        null,
        null,
        null,
        null,
        null,
        null,
        null,
        null,
        null,
        null
      ],
      "C:/Users/owner/Rails/Code/Ruby/weblog/config/initializers/email_vars.rb": [
        null,
        null,
        null,
        1,
        1
      ],
      "C:/Users/owner/Rails/Code/Ruby/weblog/config/initializers/filter_parameter_logging.rb": [
        null,
        null,
        null,
        1
      ],
      "C:/Users/owner/Rails/Code/Ruby/weblog/config/initializers/inflections.rb": [
        null,
        null,
        null,
        null,
        null,
        null,
        null,
        null,
        null,
        null,
        null,
        null,
        null,
        null,
        null,
        null
      ],
      "C:/Users/owner/Rails/Code/Ruby/weblog/config/initializers/mime_types.rb": [
        null,
        null,
        null,
        null,
        null
      ],
      "C:/Users/owner/Rails/Code/Ruby/weblog/config/initializers/secret_token.rb": [
        null,
        null,
        null,
        null,
        null,
        null,
        null,
        null,
        null,
        null,
        null,
        1
      ],
      "C:/Users/owner/Rails/Code/Ruby/weblog/config/initializers/session_store.rb": [
        null,
        null,
        1
      ],
      "C:/Users/owner/Rails/Code/Ruby/weblog/config/initializers/setup_mail.rb": [
        1,
        null,
        null,
        null,
        null,
        null,
        null,
        null
      ],
      "C:/Users/owner/Rails/Code/Ruby/weblog/config/initializers/wrap_parameters.rb": [
        null,
        null,
        null,
        null,
        null,
        null,
        1,
        1,
        null,
        null,
        null,
        null,
        null,
        null
      ],
      "C:/Users/owner/Rails/Code/Ruby/weblog/spec/factories/answers.rb": [
        null,
        null,
        1,
        1,
        1,
        1,
        1,
        null,
        null,
        null,
        null,
        null,
        null,
        null,
        null,
        null,
        null,
        null
      ],
      "C:/Users/owner/Rails/Code/Ruby/weblog/spec/factories/comments.rb": [
        null,
        null,
        1,
        1,
        1,
        1,
        null,
        null,
        null
      ],
      "C:/Users/owner/Rails/Code/Ruby/weblog/spec/factories/questions.rb": [
        null,
        null,
        1,
        1,
        1,
        56,
        null,
        null,
        1,
        null,
        null
      ],
      "C:/Users/owner/Rails/Code/Ruby/weblog/spec/factories/users.rb": [
        null,
        null,
        1,
        1,
        1,
        1,
        null,
        94,
        null,
        null,
        null,
        1,
        null,
        null,
        null,
        null
      ],
      "C:/Users/owner/Rails/Code/Ruby/weblog/config/routes.rb": [
        1,
        null,
        null,
        1,
        null,
        null,
        1,
        null,
        null,
        1,
        1,
        null,
        1,
        null,
        1,
        null,
        1,
        null,
        1,
        null,
        null,
        null,
        null,
        null,
        null,
        null,
        null,
        null,
        null,
        null,
        null,
        1,
        1,
        null,
        null,
        1,
        1,
        1,
        null,
        1,
        null,
        null,
        null,
        null,
        null,
        1,
        1,
        1,
        null,
        null,
        null,
        1,
        null,
        null,
        null,
        1,
        null,
        null,
        null,
        null,
        null,
        null,
        null,
        null,
        null,
        null,
        null,
        null,
        null,
        null,
        null,
        null,
        null,
        null,
        null,
        null,
        null,
        null,
        null,
        null,
        null,
        null,
        null,
        null,
        null,
        null,
        null,
        null,
        null,
        null,
        null,
        null,
        null,
        null,
        null,
        null,
        null,
        null,
        null,
        null,
        null,
        null,
        null,
        null,
        null,
        null,
        null,
        null,
        null,
        null,
        null,
        null,
        null
      ],
      "C:/Users/owner/Rails/Code/Ruby/weblog/app/models/user.rb": [
        1,
        null,
        null,
        1,
        null,
        null,
        null,
        null,
        1,
        null,
        null,
        1,
        1,
        null,
        1,
        1,
        null,
        null,
        null,
        null,
        null,
        null,
        1,
        null,
        1,
        2,
        null,
        null,
        1,
        2,
        null,
        null,
        null,
        null,
        null,
        null,
        null,
        1,
        8,
        8,
        null,
        0,
        null,
        null,
        null,
        null
      ],
      "C:/Users/owner/Rails/Code/Ruby/weblog/app/helpers/answers_helper.rb": [
        1,
        null
      ],
      "C:/Users/owner/Rails/Code/Ruby/weblog/app/helpers/application_helper.rb": [
        1,
        null,
        null,
        null,
        1,
        5,
        null,
        null,
        null
      ],
      "C:/Users/owner/Rails/Code/Ruby/weblog/app/helpers/comments_helper.rb": [
        1,
        null
      ],
      "C:/Users/owner/Rails/Code/Ruby/weblog/app/helpers/favourites_helper.rb": [
        1,
        null
      ],
      "C:/Users/owner/Rails/Code/Ruby/weblog/app/helpers/help_helper.rb": [
        1,
        null
      ],
      "C:/Users/owner/Rails/Code/Ruby/weblog/app/helpers/home_helper.rb": [
        1,
        null
      ],
      "C:/Users/owner/Rails/Code/Ruby/weblog/app/helpers/jspractice_helper.rb": [
        1,
        null
      ],
      "C:/Users/owner/Rails/Code/Ruby/weblog/app/helpers/questions_helper.rb": [
        1,
        null
      ],
      "C:/Users/owner/Rails/Code/Ruby/weblog/app/helpers/votes_helper.rb": [
        1,
        null
      ],
      "C:/Users/owner/Rails/Code/Ruby/weblog/spec/support/devise.rb": [
        1,
        1,
        null
      ],
      "C:/Users/owner/Rails/Code/Ruby/weblog/app/controllers/answers_controller.rb": [
        1,
        null,
        null,
        1,
        null,
        1,
        null,
        3,
        3,
        null,
        null,
        null,
        null,
        null,
        3,
        3,
        null,
        3,
        null,
        6,
        3,
        null,
        null,
        0,
        0,
        null,
        null,
        null,
        null,
        null,
        1,
        null,
        0,
        null,
        0,
        null,
        null,
        0,
        null,
        0,
        0,
        null,
        null,
        0,
        0,
        null,
        null,
        null,
        null,
        1,
        null,
        null,
        1,
        3,
        null,
        null,
        null,
        null,
        1,
        3,
        null,
        null,
        null
      ],
      "C:/Users/owner/Rails/Code/Ruby/weblog/app/controllers/application_controller.rb": [
        1,
        null,
        null,
        1,
        null,
        null,
        null,
        1,
        null,
        1,
        null,
        null,
        1,
        null,
        0,
        null,
        0,
        null,
        null
      ],
      "C:/Users/owner/Rails/Code/Ruby/weblog/spec/controllers/comments_controller_spec.rb": [
        1,
        null,
        1,
        13,
        13,
        10,
        null,
        1,
        null,
        1,
        5,
        null,
        null,
        null,
        1,
        3,
        null,
        null,
        null,
        1,
        null,
        null,
        1,
        4,
        null,
        null,
        1,
        1,
        1,
        null,
        null,
        null,
        1,
        null,
        7,
        null,
        1,
        null,
        null,
        null,
        1,
        4,
        null,
        null,
        null,
        1,
        1,
        1,
        2,
        null,
        null,
        null,
        1,
        1,
        1,
        null,
        null,
        null,
        1,
        null,
        1,
        4,
        null,
        null,
        null,
        1,
        1,
        1,
        null,
        null,
        null,
        1,
        1,
        1,
        null,
        null,
        null,
        null,
        null,
        null,
        1,
        null,
        5,
        null,
        1,
        4,
        null,
        null,
        1,
        null,
        1,
        1,
        null,
        1,
        null,
        null,
        null,
        1,
        4,
        null,
        1,
        4,
        null,
        null,
        1,
        1,
        null,
        1,
        null,
        null,
        null,
        null,
        null,
        null,
        1,
        1,
        1,
        null,
        null,
        null,
        null,
        null,
        null,
        null,
        null,
        null,
        null,
        null,
        null,
        null,
        null,
        null,
        null,
        null,
        null,
        null,
        null,
        null,
        null,
        null,
        null,
        null,
        null,
        null,
        null,
        null,
        null,
        null,
        null,
        null,
        null,
        null,
        null,
        null,
        null,
        null,
        null,
        null,
        null
      ],
      "C:/Users/owner/Rails/Code/Ruby/weblog/app/controllers/comments_controller.rb": [
        1,
        1,
        1,
        null,
        1,
        6,
        6,
        6,
        3,
        null,
        3,
        3,
        null,
        null,
        null,
        1,
        3,
        3,
        null,
        3,
        null,
        null,
        null,
        null,
        null,
        1,
        null,
        1,
        12,
        null,
        null,
        null,
        null,
        null,
        null,
        null,
        null,
        null,
        null,
        null,
        null,
        null,
        null,
        null
      ],
      "C:/Users/owner/Rails/Code/Ruby/weblog/spec/controllers/questions_controller_spec.rb": [
        1,
        null,
        1,
        20,
        4,
        null,
        8,
        4,
        null,
        null,
        null,
        1,
        null,
        1,
        1,
        1,
        null,
        null,
        null,
        1,
        1,
        1,
        1,
        null,
        null,
        1,
        1,
        1,
        null,
        null,
        null,
        1,
        21,
        1,
        1,
        null,
        null,
        null,
        1,
        null,
        1,
        3,
        null,
        1,
        1,
        1,
        null,
        null,
        1,
        1,
        1,
        null,
        null,
        null,
        1,
        1,
        1,
        1,
        null,
        null,
        null,
        null,
        1,
        null,
        1,
        1,
        1,
        1,
        null,
        null,
        null,
        1,
        6,
        null,
        1,
        1,
        4,
        null,
        null,
        null,
        1,
        4,
        null,
        null,
        null,
        null,
        null,
        null,
        null,
        null,
        null,
        1,
        1,
        1,
        null,
        null,
        1,
        1,
        1,
        null,
        null,
        1,
        null,
        4,
        null,
        null,
        null,
        null,
        null,
        1,
        1,
        1,
        null,
        null,
        null,
        1,
        4,
        null,
        null,
        null,
        null,
        null,
        null,
        null,
        null,
        null,
        1,
        3,
        null,
        1,
        1,
        1,
        1,
        null,
        null,
        1,
        1,
        1,
        null,
        null,
        null,
        null,
        null,
        null,
        1,
        1,
        null,
        1,
        1,
        1,
        null,
        null,
        null,
        1,
        4,
        null,
        1,
        1,
        1,
        null,
        null,
        1,
        1,
        1,
        null,
        null,
        1,
        2,
        null,
        null,
        null,
        null,
        null,
        1,
        1,
        6,
        null,
        1,
        1,
        1,
        1,
        null,
        null,
        1,
        1,
        1,
        null,
        null,
        1,
        1,
        1,
        null,
        null,
        1,
        1,
        1,
        null,
        null,
        1,
        1,
        1,
        null,
        null,
        null,
        null,
        null,
        null,
        1,
        1,
        4,
        null,
        null,
        4,
        null,
        null,
        null,
        1,
        1,
        1,
        2,
        null,
        null,
        1,
        1,
        1,
        null,
        null,
        1,
        1,
        1,
        null,
        null,
        null,
        null,
        null,
        1,
        null,
        null,
        null,
        null,
        null
      ],
      "C:/Users/owner/Rails/Code/Ruby/weblog/app/controllers/questions_controller.rb": [
        1,
        1,
        null,
        null,
        1,
        null,
        null,
        1,
        8,
        null,
        null,
        1,
        4,
        null,
        null,
        1,
        7,
        null,
        null,
        null,
        7,
        7,
        5,
        null,
        2,
        null,
        null,
        null,
        1,
        4,
        4,
        4,
        4,
        2,
        2,
        null,
        null,
        null,
        null,
        1,
        null,
        null,
        null,
        1,
        4,
        3,
        null,
        1,
        1,
        null,
        null,
        null,
        1,
        2,
        2,
        null,
        0,
        null,
        null,
        null,
        null,
        1,
        null,
        1,
        11,
        null,
        null,
        null,
        1,
        11,
        null,
        null,
        null,
        null,
        null,
        null,
        null,
        null,
        null,
        null,
        null,
        null,
        null,
        null,
        null,
        null,
        null,
        null,
        null,
        null,
        null,
        null,
        null,
        null,
        null,
        null,
        null,
        null,
        null,
        null,
        null,
        null,
        null,
        null,
        null,
        null,
        null,
        null,
        null,
        null,
        null,
        null,
        null,
        null,
        null,
        null,
        null,
        null,
        null,
        null,
        null,
        null,
        null,
        null,
        null,
        null,
        null,
        null,
        null,
        null,
        null,
        null,
        null,
        null,
        null,
        null,
        null,
        null,
        null,
        null,
        null,
        null,
        null,
        null,
        null,
        null,
        null,
        null,
        null,
        null,
        null,
        null,
        null,
        null,
        null,
        null,
        null,
        null,
        null,
        null,
        null,
        null,
        null,
        null,
        null,
        null,
        null,
        null,
        null,
        null,
        null,
        null,
        null,
        null,
        null,
        null,
        null,
        null,
        null,
        null,
        null,
        null,
        null,
        null,
        null,
        null,
        null,
        null,
        null,
        null,
        null,
        null,
        null,
        null,
        null
      ],
      "C:/Users/owner/Rails/Code/Ruby/weblog/spec/features/creating_a_question_spec.rb": [
        1,
        null,
        1,
        null,
        3,
        null,
        1,
        2,
        null,
        null,
        null,
        1,
        1,
        1,
        1,
        1,
        1,
        1,
        null,
        null,
        1,
        1,
        null,
        null,
        1,
        1,
        1,
        1,
        1,
        null,
        0,
        null,
        null,
        null,
        null
      ],
      "C:/Users/owner/Rails/Code/Ruby/weblog/spec/features/creating_an_answer_spec.rb": [
        1,
        null,
        1,
        null,
        2,
        2,
        null,
        1,
        1,
        null,
        null,
        1,
        1,
        1,
        1,
        1,
        null,
        null,
        null
      ],
      "C:/Users/owner/Rails/Code/Ruby/weblog/spec/features/home_page_spec.rb": [
        1,
        null,
        1,
        null,
        1,
        1,
        null,
        1,
        null,
        null,
        null
      ],
      "C:/Users/owner/Rails/Code/Ruby/weblog/spec/features/listing_questions_spec.rb": [
        1,
        null,
        1,
        null,
        1,
        1,
        1,
        1,
        null,
        null,
        1,
        null,
        null,
        null
      ],
      "C:/Users/owner/Rails/Code/Ruby/weblog/spec/helpers/comments_helper_spec.rb": [
        1,
        null,
        null,
        null,
        null,
        null,
        null,
        null,
        null,
        null,
        null,
        null,
        1,
        1,
        null
      ],
      "C:/Users/owner/Rails/Code/Ruby/weblog/spec/mailers/answer_mailer_spec.rb": [
        null,
        1,
        null,
        1,
        null,
        4,
        4,
        4,
        4,
        null,
        null,
        1,
        null,
        null,
        4,
        null,
        null,
        null,
        null,
        null,
        null,
        null,
        2,
        null,
        null,
        2,
        2,
        null,
        null,
        null,
        null,
        null,
        null,
        null,
        null,
        null,
        null,
        null,
        null,
        null,
        null,
        null,
        null,
        null,
        null,
        null,
        null
      ],
      "C:/Users/owner/Rails/Code/Ruby/weblog/app/mailers/answer_mailer.rb": [
        1,
        1,
        null,
        1,
        3,
        3,
        3,
        null,
        3,
        null,
        null
      ],
      "C:/Users/owner/Rails/Code/Ruby/weblog/spec/models/answer_spec.rb": [
        1,
        null,
        1,
        null,
        1,
        1,
        1,
        1,
        1,
        null,
        null,
        null,
        null
      ],
      "C:/Users/owner/Rails/Code/Ruby/weblog/app/models/answer.rb": [
        1,
        1,
        null,
        null,
        null,
        1,
        1,
        null,
        null,
        1,
        null,
        5,
        null,
        null,
        null,
        1,
        null,
        1,
        19,
        null,
        null,
        null
      ],
      "C:/Users/owner/Rails/Code/Ruby/weblog/spec/models/comment_spec.rb": [
        1,
        null,
        null,
        1,
        null,
        null,
        null,
        null,
        null,
        1,
        1,
        1,
        1,
        null,
        null,
        null,
        null,
        null,
        null,
        null,
        null,
        null,
        null,
        null,
        null,
        null,
        1,
        1,
        1,
        null,
        null,
        null,
        1,
        null,
        1,
        1,
        1,
        1,
        1,
        null,
        null,
        null,
        1,
        1,
        1,
        1,
        1,
        null,
        null,
        null,
        1,
        1,
        24,
        null,
        null,
        1,
        1,
        null,
        null,
        1,
        1,
        null,
        null,
        null,
        1,
        null,
        1,
        1,
        1,
        null,
        1,
        1,
        null,
        null,
        null,
        null,
        null
      ],
      "C:/Users/owner/Rails/Code/Ruby/weblog/app/models/comment.rb": [
        1,
        1,
        null,
        1,
        null,
        3,
        null,
        1,
        null,
        1,
        32,
        null,
        null,
        1,
        30,
        null,
        null,
        null
      ],
      "C:/Users/owner/Rails/Code/Ruby/weblog/spec/models/user_spec.rb": [
        1,
        null,
        1,
        null,
        1,
        null,
        1,
        1,
        null,
        null,
        1,
        null,
        null,
        1,
        1,
        null,
        null,
        1,
        null,
        null,
        null,
        null,
        null
      ],
      "C:/Users/owner/Rails/Code/Ruby/weblog/spec/views/questions/new.html.haml_spec.rb": [
        1,
        null,
        1,
        1,
        2,
        null,
        2,
        null,
        null,
        null,
        null,
        1,
        1,
        null,
        null,
        1,
        1,
        null,
        null,
        null,
        null,
        null,
        null,
        null,
        null
      ],
      "C:/Users/owner/Rails/Code/Ruby/weblog/app/models/question.rb": [
        1,
        null,
        1,
        null,
        1,
        null,
        1,
        null,
        null,
        116,
        null,
        null,
        1,
        null,
        1,
        1,
        null,
        1,
        1,
        null,
        1,
        1,
        null,
        1,
        null,
        null,
        null,
        null,
        1,
        null,
        null,
        null,
        null,
        1,
        null,
        null,
        null,
        null,
        null,
        null,
        null,
        null,
        null,
        null,
        1,
        0,
        null,
        null,
        null,
        null,
        null,
        null,
        null,
        1,
        null,
        null,
        null,
        null,
        null,
        null,
        null,
        null,
        null,
        null,
        1,
        null,
        null,
        1,
        null,
        1,
        null,
        null,
        1,
        63,
        null,
        null,
        1,
        null,
        null,
        null
      ],
      "C:/Users/owner/Rails/Code/Ruby/weblog/app/models/vote.rb": [
        1,
        null,
        null,
        1,
        1,
        null,
        null,
        1,
        null,
        null
      ],
      "C:/Users/owner/Rails/Code/Ruby/weblog/app/models/categorization.rb": [
        1,
        1,
        null
      ],
      "C:/Users/owner/Rails/Code/Ruby/weblog/app/models/favourite.rb": [
        1,
        1,
        1,
        null,
        1,
        null,
        null
      ],
      "C:/Users/owner/Rails/Code/Ruby/weblog/app/models/category.rb": [
        1,
        null,
        1,
        1,
        null
      ]
    },
    "timestamp": 1398219374
  }
}
